# JRE version: OpenJDK Runtime Environment Temurin-21.0.9+10 (21.0.9+10) (build 21.0.9+10-LTS)
# Java VM: OpenJDK 64-Bit Server VM Temurin-21.0.9+10 (21.0.9+10-LTS, mixed mode, sharing, tiered, compressed oops, compressed class ptrs, parallel gc, windows-amd64)
GC Precious Log:
 CardTable entry size: 512
 CPUs: 4 total, 4 available
 Memory: 7975M
 Large Page Support: Disabled
 NUMA Support: Disabled
 Compressed Oops: Enabled (32-bit)
 Alignments: Space 512K, Generation 512K, Heap 2M
 Heap Min Capacity: 100M
 Heap Initial Capacity: 100M
 Heap Max Capacity: 2G
 Pre-touch: Disabled
 Parallel Workers: 4
Heap:
 PSYoungGen      total 24576K, used 5238K [0x00000000d5580000, 0x00000000d7100000, 0x0000000100000000)
  eden space 22016K, 14% used [0x00000000d5580000,0x00000000d588a8b0,0x00000000d6b00000)
  from space 2560K, 82% used [0x00000000d6e80000,0x00000000d70930a0,0x00000000d7100000)
  to   space 2560K, 0% used [0x00000000d6c00000,0x00000000d6c00000,0x00000000d6e80000)
 ParOldGen       total 68608K, used 33833K [0x0000000080000000, 0x0000000084300000, 0x00000000d5580000)
  object space 68608K, 49% used [0x0000000080000000,0x000000008210a698,0x0000000084300000)
 Metaspace       used 41100K, committed 42112K, reserved 1114112K
  class space    used 4093K, committed 4544K, reserved 1048576K
GC Heap History (20 events):
Event: 7.962 GC heap before
{Heap before GC invocations=15 (full 1):
 PSYoungGen      total 24576K, used 24256K [0x00000000d5580000, 0x00000000d7100000, 0x0000000100000000)
  eden space 22016K, 100% used [0x00000000d5580000,0x00000000d6b00000,0x00000000d6b00000)
  from space 2560K, 87% used [0x00000000d6b00000,0x00000000d6d30010,0x00000000d6d80000)
  to   space 3072K, 0% used [0x00000000d6e00000,0x00000000d6e00000,0x00000000d7100000)
 ParOldGen       total 68608K, used 21372K [0x0000000080000000, 0x0000000084300000, 0x00000000d5580000)
  object space 68608K, 31% used [0x0000000080000000,0x00000000814df158,0x0000000084300000)
 Metaspace       used 32047K, committed 33024K, reserved 1114112K
  class space    used 3235K, committed 3648K, reserved 1048576K
}
Event: 7.967 GC heap after
{Heap after GC invocations=15 (full 1):
 PSYoungGen      total 24064K, used 1924K [0x00000000d5580000, 0x00000000d7000000, 0x0000000100000000)
  eden space 22016K, 0% used [0x00000000d5580000,0x00000000d5580000,0x00000000d6b00000)
  from space 2048K, 93% used [0x00000000d6e00000,0x00000000d6fe1000,0x00000000d7000000)
  to   space 2560K, 0% used [0x00000000d6b00000,0x00000000d6b00000,0x00000000d6d80000)
 ParOldGen       total 68608K, used 23546K [0x0000000080000000, 0x0000000084300000, 0x00000000d5580000)
  object space 68608K, 34% used [0x0000000080000000,0x00000000816feb18,0x0000000084300000)
 Metaspace       used 32047K, committed 33024K, reserved 1114112K
  class space    used 3235K, committed 3648K, reserved 1048576K
}
Event: 8.036 GC heap before
{Heap before GC invocations=16 (full 1):
 PSYoungGen      total 24064K, used 23940K [0x00000000d5580000, 0x00000000d7000000, 0x0000000100000000)
  eden space 22016K, 100% used [0x00000000d5580000,0x00000000d6b00000,0x00000000d6b00000)
  from space 2048K, 93% used [0x00000000d6e00000,0x00000000d6fe1000,0x00000000d7000000)
  to   space 2560K, 0% used [0x00000000d6b00000,0x00000000d6b00000,0x00000000d6d80000)
 ParOldGen       total 68608K, used 23546K [0x0000000080000000, 0x0000000084300000, 0x00000000d5580000)
  object space 68608K, 34% used [0x0000000080000000,0x00000000816feb18,0x0000000084300000)
 Metaspace       used 32082K, committed 33024K, reserved 1114112K
  class space    used 3238K, committed 3648K, reserved 1048576K
}
Event: 8.040 GC heap after
{Heap after GC invocations=16 (full 1):
 PSYoungGen      total 24576K, used 2176K [0x00000000d5580000, 0x00000000d7000000, 0x0000000100000000)
  eden space 22016K, 0% used [0x00000000d5580000,0x00000000d5580000,0x00000000d6b00000)
  from space 2560K, 85% used [0x00000000d6b00000,0x00000000d6d20010,0x00000000d6d80000)
  to   space 2560K, 0% used [0x00000000d6d80000,0x00000000d6d80000,0x00000000d7000000)
 ParOldGen       total 68608K, used 25435K [0x0000000080000000, 0x0000000084300000, 0x00000000d5580000)
  object space 68608K, 37% used [0x0000000080000000,0x00000000818d6c18,0x0000000084300000)
 Metaspace       used 32082K, committed 33024K, reserved 1114112K
  class space    used 3238K, committed 3648K, reserved 1048576K
}
Event: 8.108 GC heap before
{Heap before GC invocations=17 (full 1):
 PSYoungGen      total 24576K, used 24192K [0x00000000d5580000, 0x00000000d7000000, 0x0000000100000000)
  eden space 22016K, 100% used [0x00000000d5580000,0x00000000d6b00000,0x00000000d6b00000)
  from space 2560K, 85% used [0x00000000d6b00000,0x00000000d6d20010,0x00000000d6d80000)
  to   space 2560K, 0% used [0x00000000d6d80000,0x00000000d6d80000,0x00000000d7000000)
 ParOldGen       total 68608K, used 25435K [0x0000000080000000, 0x0000000084300000, 0x00000000d5580000)
  object space 68608K, 37% used [0x0000000080000000,0x00000000818d6c18,0x0000000084300000)
 Metaspace       used 32119K, committed 33024K, reserved 1114112K
  class space    used 3238K, committed 3648K, reserved 1048576K
}
Event: 8.115 GC heap after
{Heap after GC invocations=17 (full 1):
 PSYoungGen      total 24064K, used 1912K [0x00000000d5580000, 0x00000000d6f80000, 0x0000000100000000)
  eden space 22016K, 0% used [0x00000000d5580000,0x00000000d5580000,0x00000000d6b00000)
  from space 2048K, 93% used [0x00000000d6d80000,0x00000000d6f5e200,0x00000000d6f80000)
  to   space 2048K, 0% used [0x00000000d6b80000,0x00000000d6b80000,0x00000000d6d80000)
 ParOldGen       total 68608K, used 27547K [0x0000000080000000, 0x0000000084300000, 0x00000000d5580000)
  object space 68608K, 40% used [0x0000000080000000,0x0000000081ae6c28,0x0000000084300000)
 Metaspace       used 32119K, committed 33024K, reserved 1114112K
  class space    used 3238K, committed 3648K, reserved 1048576K
}
Event: 8.468 GC heap before
{Heap before GC invocations=18 (full 1):
 PSYoungGen      total 24064K, used 23928K [0x00000000d5580000, 0x00000000d6f80000, 0x0000000100000000)
  eden space 22016K, 100% used [0x00000000d5580000,0x00000000d6b00000,0x00000000d6b00000)
  from space 2048K, 93% used [0x00000000d6d80000,0x00000000d6f5e200,0x00000000d6f80000)
  to   space 2048K, 0% used [0x00000000d6b80000,0x00000000d6b80000,0x00000000d6d80000)
 ParOldGen       total 68608K, used 27547K [0x0000000080000000, 0x0000000084300000, 0x00000000d5580000)
  object space 68608K, 40% used [0x0000000080000000,0x0000000081ae6c28,0x0000000084300000)
 Metaspace       used 34327K, committed 35200K, reserved 1114112K
  class space    used 3449K, committed 3840K, reserved 1048576K
}
Event: 8.471 GC heap after
{Heap after GC invocations=18 (full 1):
 PSYoungGen      total 24064K, used 1572K [0x00000000d5580000, 0x00000000d6f00000, 0x0000000100000000)
  eden space 22016K, 0% used [0x00000000d5580000,0x00000000d5580000,0x00000000d6b00000)
  from space 2048K, 76% used [0x00000000d6b80000,0x00000000d6d093d8,0x00000000d6d80000)
  to   space 1536K, 0% used [0x00000000d6d80000,0x00000000d6d80000,0x00000000d6f00000)
 ParOldGen       total 68608K, used 29387K [0x0000000080000000, 0x0000000084300000, 0x00000000d5580000)
  object space 68608K, 42% used [0x0000000080000000,0x0000000081cb2e28,0x0000000084300000)
 Metaspace       used 34327K, committed 35200K, reserved 1114112K
  class space    used 3449K, committed 3840K, reserved 1048576K
}
Event: 8.662 GC heap before
{Heap before GC invocations=19 (full 1):
 PSYoungGen      total 24064K, used 8477K [0x00000000d5580000, 0x00000000d6f00000, 0x0000000100000000)
  eden space 22016K, 31% used [0x00000000d5580000,0x00000000d5c3e058,0x00000000d6b00000)
  from space 2048K, 76% used [0x00000000d6b80000,0x00000000d6d093d8,0x00000000d6d80000)
  to   space 1536K, 0% used [0x00000000d6d80000,0x00000000d6d80000,0x00000000d6f00000)
 ParOldGen       total 68608K, used 29387K [0x0000000080000000, 0x0000000084300000, 0x00000000d5580000)
  object space 68608K, 42% used [0x0000000080000000,0x0000000081cb2e28,0x0000000084300000)
 Metaspace       used 34898K, committed 35840K, reserved 1114112K
  class space    used 3531K, committed 3968K, reserved 1048576K
}
Event: 8.664 GC heap after
{Heap after GC invocations=19 (full 1):
 PSYoungGen      total 22528K, used 320K [0x00000000d5580000, 0x00000000d6e00000, 0x0000000100000000)
  eden space 22016K, 0% used [0x00000000d5580000,0x00000000d5580000,0x00000000d6b00000)
  from space 512K, 62% used [0x00000000d6d80000,0x00000000d6dd0010,0x00000000d6e00000)
  to   space 1024K, 0% used [0x00000000d6c00000,0x00000000d6c00000,0x00000000d6d00000)
 ParOldGen       total 68608K, used 30920K [0x0000000080000000, 0x0000000084300000, 0x00000000d5580000)
  object space 68608K, 45% used [0x0000000080000000,0x0000000081e320e0,0x0000000084300000)
 Metaspace       used 34898K, committed 35840K, reserved 1114112K
  class space    used 3531K, committed 3968K, reserved 1048576K
}
Event: 8.664 GC heap before
{Heap before GC invocations=20 (full 2):
 PSYoungGen      total 22528K, used 320K [0x00000000d5580000, 0x00000000d6e00000, 0x0000000100000000)
  eden space 22016K, 0% used [0x00000000d5580000,0x00000000d5580000,0x00000000d6b00000)
  from space 512K, 62% used [0x00000000d6d80000,0x00000000d6dd0010,0x00000000d6e00000)
  to   space 1024K, 0% used [0x00000000d6c00000,0x00000000d6c00000,0x00000000d6d00000)
 ParOldGen       total 68608K, used 30920K [0x0000000080000000, 0x0000000084300000, 0x00000000d5580000)
  object space 68608K, 45% used [0x0000000080000000,0x0000000081e320e0,0x0000000084300000)
 Metaspace       used 34898K, committed 35840K, reserved 1114112K
  class space    used 3531K, committed 3968K, reserved 1048576K
}
Event: 8.728 GC heap after
{Heap after GC invocations=20 (full 2):
 PSYoungGen      total 22528K, used 0K [0x00000000d5580000, 0x00000000d6e00000, 0x0000000100000000)
  eden space 22016K, 0% used [0x00000000d5580000,0x00000000d5580000,0x00000000d6b00000)
  from space 512K, 0% used [0x00000000d6d80000,0x00000000d6d80000,0x00000000d6e00000)
  to   space 1024K, 0% used [0x00000000d6c00000,0x00000000d6c00000,0x00000000d6d00000)
 ParOldGen       total 68608K, used 30098K [0x0000000080000000, 0x0000000084300000, 0x00000000d5580000)
  object space 68608K, 43% used [0x0000000080000000,0x0000000081d64a18,0x0000000084300000)
 Metaspace       used 34898K, committed 35840K, reserved 1114112K
  class space    used 3531K, committed 3968K, reserved 1048576K
}
Event: 9.031 GC heap before
{Heap before GC invocations=21 (full 2):
 PSYoungGen      total 22528K, used 22016K [0x00000000d5580000, 0x00000000d6e00000, 0x0000000100000000)
  eden space 22016K, 100% used [0x00000000d5580000,0x00000000d6b00000,0x00000000d6b00000)
  from space 512K, 0% used [0x00000000d6d80000,0x00000000d6d80000,0x00000000d6e00000)
  to   space 1024K, 0% used [0x00000000d6c00000,0x00000000d6c00000,0x00000000d6d00000)
 ParOldGen       total 68608K, used 30098K [0x0000000080000000, 0x0000000084300000, 0x00000000d5580000)
  object space 68608K, 43% used [0x0000000080000000,0x0000000081d64a18,0x0000000084300000)
 Metaspace       used 35944K, committed 36864K, reserved 1114112K
  class space    used 3653K, committed 4096K, reserved 1048576K
}
Event: 9.032 GC heap after
{Heap after GC invocations=21 (full 2):
 PSYoungGen      total 23040K, used 384K [0x00000000d5580000, 0x00000000d6e00000, 0x0000000100000000)
  eden space 22016K, 0% used [0x00000000d5580000,0x00000000d5580000,0x00000000d6b00000)
  from space 1024K, 37% used [0x00000000d6c00000,0x00000000d6c60000,0x00000000d6d00000)
  to   space 512K, 0% used [0x00000000d6d80000,0x00000000d6d80000,0x00000000d6e00000)
 ParOldGen       total 68608K, used 30106K [0x0000000080000000, 0x0000000084300000, 0x00000000d5580000)
  object space 68608K, 43% used [0x0000000080000000,0x0000000081d66a18,0x0000000084300000)
 Metaspace       used 35944K, committed 36864K, reserved 1114112K
  class space    used 3653K, committed 4096K, reserved 1048576K
}
Event: 9.564 GC heap before
{Heap before GC invocations=22 (full 2):
 PSYoungGen      total 23040K, used 22400K [0x00000000d5580000, 0x00000000d6e00000, 0x0000000100000000)
  eden space 22016K, 100% used [0x00000000d5580000,0x00000000d6b00000,0x00000000d6b00000)
  from space 1024K, 37% used [0x00000000d6c00000,0x00000000d6c60000,0x00000000d6d00000)
  to   space 512K, 0% used [0x00000000d6d80000,0x00000000d6d80000,0x00000000d6e00000)
 ParOldGen       total 68608K, used 30106K [0x0000000080000000, 0x0000000084300000, 0x00000000d5580000)
  object space 68608K, 43% used [0x0000000080000000,0x0000000081d66a18,0x0000000084300000)
 Metaspace       used 37702K, committed 38656K, reserved 1114112K
  class space    used 3784K, committed 4224K, reserved 1048576K
}
Event: 9.566 GC heap after
{Heap after GC invocations=22 (full 2):
 PSYoungGen      total 22528K, used 501K [0x00000000d5580000, 0x00000000d6f00000, 0x0000000100000000)
  eden space 22016K, 0% used [0x00000000d5580000,0x00000000d5580000,0x00000000d6b00000)
  from space 512K, 97% used [0x00000000d6d80000,0x00000000d6dfd6d8,0x00000000d6e00000)
  to   space 2048K, 0% used [0x00000000d6b00000,0x00000000d6b00000,0x00000000d6d00000)
 ParOldGen       total 68608K, used 31223K [0x0000000080000000, 0x0000000084300000, 0x00000000d5580000)
  object space 68608K, 45% used [0x0000000080000000,0x0000000081e7dd50,0x0000000084300000)
 Metaspace       used 37702K, committed 38656K, reserved 1114112K
  class space    used 3784K, committed 4224K, reserved 1048576K
}
Event: 10.809 GC heap before
{Heap before GC invocations=23 (full 2):
 PSYoungGen      total 22528K, used 22517K [0x00000000d5580000, 0x00000000d6f00000, 0x0000000100000000)
  eden space 22016K, 100% used [0x00000000d5580000,0x00000000d6b00000,0x00000000d6b00000)
  from space 512K, 97% used [0x00000000d6d80000,0x00000000d6dfd6d8,0x00000000d6e00000)
  to   space 2048K, 0% used [0x00000000d6b00000,0x00000000d6b00000,0x00000000d6d00000)
 ParOldGen       total 68608K, used 31223K [0x0000000080000000, 0x0000000084300000, 0x00000000d5580000)
  object space 68608K, 45% used [0x0000000080000000,0x0000000081e7dd50,0x0000000084300000)
 Metaspace       used 39630K, committed 40576K, reserved 1114112K
  class space    used 3999K, committed 4416K, reserved 1048576K
}
Event: 10.812 GC heap after
{Heap after GC invocations=23 (full 2):
 PSYoungGen      total 24064K, used 2018K [0x00000000d5580000, 0x00000000d7200000, 0x0000000100000000)
  eden space 22016K, 0% used [0x00000000d5580000,0x00000000d5580000,0x00000000d6b00000)
  from space 2048K, 98% used [0x00000000d6b00000,0x00000000d6cf8b68,0x00000000d6d00000)
  to   space 3584K, 0% used [0x00000000d6e80000,0x00000000d6e80000,0x00000000d7200000)
 ParOldGen       total 68608K, used 32189K [0x0000000080000000, 0x0000000084300000, 0x00000000d5580000)
  object space 68608K, 46% used [0x0000000080000000,0x0000000081f6f598,0x0000000084300000)
 Metaspace       used 39630K, committed 40576K, reserved 1114112K
  class space    used 3999K, committed 4416K, reserved 1048576K
}
Event: 11.604 GC heap before
{Heap before GC invocations=24 (full 2):
 PSYoungGen      total 24064K, used 24034K [0x00000000d5580000, 0x00000000d7200000, 0x0000000100000000)
  eden space 22016K, 100% used [0x00000000d5580000,0x00000000d6b00000,0x00000000d6b00000)
  from space 2048K, 98% used [0x00000000d6b00000,0x00000000d6cf8b68,0x00000000d6d00000)
  to   space 3584K, 0% used [0x00000000d6e80000,0x00000000d6e80000,0x00000000d7200000)
 ParOldGen       total 68608K, used 32189K [0x0000000080000000, 0x0000000084300000, 0x00000000d5580000)
  object space 68608K, 46% used [0x0000000080000000,0x0000000081f6f598,0x0000000084300000)
 Metaspace       used 40929K, committed 41984K, reserved 1114112K
  class space    used 4091K, committed 4544K, reserved 1048576K
}
Event: 11.610 GC heap after
{Heap after GC invocations=24 (full 2):
 PSYoungGen      total 24576K, used 2124K [0x00000000d5580000, 0x00000000d7100000, 0x0000000100000000)
  eden space 22016K, 0% used [0x00000000d5580000,0x00000000d5580000,0x00000000d6b00000)
  from space 2560K, 82% used [0x00000000d6e80000,0x00000000d70930a0,0x00000000d7100000)
  to   space 2560K, 0% used [0x00000000d6c00000,0x00000000d6c00000,0x00000000d6e80000)
 ParOldGen       total 68608K, used 33833K [0x0000000080000000, 0x0000000084300000, 0x00000000d5580000)
  object space 68608K, 49% used [0x0000000080000000,0x000000008210a698,0x0000000084300000)
 Metaspace       used 40929K, committed 41984K, reserved 1114112K
  class space    used 4091K, committed 4544K, reserved 1048576K
}

