# JRE version: OpenJDK Runtime Environment Temurin-21.0.9+10 (21.0.9+10) (build 21.0.9+10-LTS)
# Java VM: OpenJDK 64-Bit Server VM Temurin-21.0.9+10 (21.0.9+10-LTS, mixed mode, sharing, tiered, compressed oops, compressed class ptrs, parallel gc, windows-amd64)
GC Precious Log:
 CardTable entry size: 512
 CPUs: 4 total, 4 available
 Memory: 7975M
 Large Page Support: Disabled
 NUMA Support: Disabled
 Compressed Oops: Enabled (32-bit)
 Alignments: Space 512K, Generation 512K, Heap 2M
 Heap Min Capacity: 100M
 Heap Initial Capacity: 100M
 Heap Max Capacity: 2G
 Pre-touch: Disabled
 Parallel Workers: 4
Heap:
 PSYoungGen      total 3072K, used 1254K [0x00000000d5580000, 0x00000000d5900000, 0x0000000100000000)
  eden space 2560K, 33% used [0x00000000d5580000,0x00000000d5659860,0x00000000d5800000)
  from space 512K, 75% used [0x00000000d5800000,0x00000000d5860000,0x00000000d5880000)
  to   space 512K, 0% used [0x00000000d5880000,0x00000000d5880000,0x00000000d5900000)
 ParOldGen       total 169984K, used 169931K [0x0000000080000000, 0x000000008a600000, 0x00000000d5580000)
  object space 169984K, 99% used [0x0000000080000000,0x000000008a5f2dd0,0x000000008a600000)
 Metaspace       used 72331K, committed 73856K, reserved 1179648K
  class space    used 7255K, committed 7872K, reserved 1048576K
GC Heap History (20 events):
Event: 2812.568 GC heap before
{Heap before GC invocations=359 (full 3):
 PSYoungGen      total 3072K, used 2196K [0x00000000d5580000, 0x00000000d5900000, 0x0000000100000000)
  eden space 2048K, 100% used [0x00000000d5580000,0x00000000d5780000,0x00000000d5780000)
  from space 1024K, 14% used [0x00000000d5780000,0x00000000d57a5200,0x00000000d5880000)
  to   space 512K, 0% used [0x00000000d5880000,0x00000000d5880000,0x00000000d5900000)
 ParOldGen       total 167936K, used 167804K [0x0000000080000000, 0x000000008a400000, 0x00000000d5580000)
  object space 167936K, 99% used [0x0000000080000000,0x000000008a3df0b0,0x000000008a400000)
 Metaspace       used 72166K, committed 73664K, reserved 1179648K
  class space    used 7244K, committed 7872K, reserved 1048576K
}
Event: 2812.570 GC heap after
{Heap after GC invocations=359 (full 3):
 PSYoungGen      total 2560K, used 160K [0x00000000d5580000, 0x00000000d5900000, 0x0000000100000000)
  eden space 2048K, 0% used [0x00000000d5580000,0x00000000d5580000,0x00000000d5780000)
  from space 512K, 31% used [0x00000000d5880000,0x00000000d58a8000,0x00000000d5900000)
  to   space 512K, 0% used [0x00000000d5800000,0x00000000d5800000,0x00000000d5880000)
 ParOldGen       total 167936K, used 167912K [0x0000000080000000, 0x000000008a400000, 0x00000000d5580000)
  object space 167936K, 99% used [0x0000000080000000,0x000000008a3fa2b0,0x000000008a400000)
 Metaspace       used 72166K, committed 73664K, reserved 1179648K
  class space    used 7244K, committed 7872K, reserved 1048576K
}
Event: 2812.575 GC heap before
{Heap before GC invocations=360 (full 3):
 PSYoungGen      total 2560K, used 2208K [0x00000000d5580000, 0x00000000d5900000, 0x0000000100000000)
  eden space 2048K, 100% used [0x00000000d5580000,0x00000000d5780000,0x00000000d5780000)
  from space 512K, 31% used [0x00000000d5880000,0x00000000d58a8000,0x00000000d5900000)
  to   space 512K, 0% used [0x00000000d5800000,0x00000000d5800000,0x00000000d5880000)
 ParOldGen       total 167936K, used 167912K [0x0000000080000000, 0x000000008a400000, 0x00000000d5580000)
  object space 167936K, 99% used [0x0000000080000000,0x000000008a3fa2b0,0x000000008a400000)
 Metaspace       used 72177K, committed 73664K, reserved 1179648K
  class space    used 7244K, committed 7872K, reserved 1048576K
}
Event: 2812.576 GC heap after
{Heap after GC invocations=360 (full 3):
 PSYoungGen      total 2560K, used 416K [0x00000000d5580000, 0x00000000d5900000, 0x0000000100000000)
  eden space 2048K, 0% used [0x00000000d5580000,0x00000000d5580000,0x00000000d5780000)
  from space 512K, 81% used [0x00000000d5800000,0x00000000d5868000,0x00000000d5880000)
  to   space 512K, 0% used [0x00000000d5880000,0x00000000d5880000,0x00000000d5900000)
 ParOldGen       total 168448K, used 168016K [0x0000000080000000, 0x000000008a480000, 0x00000000d5580000)
  object space 168448K, 99% used [0x0000000080000000,0x000000008a4142c0,0x000000008a480000)
 Metaspace       used 72177K, committed 73664K, reserved 1179648K
  class space    used 7244K, committed 7872K, reserved 1048576K
}
Event: 2812.579 GC heap before
{Heap before GC invocations=361 (full 3):
 PSYoungGen      total 2560K, used 2464K [0x00000000d5580000, 0x00000000d5900000, 0x0000000100000000)
  eden space 2048K, 100% used [0x00000000d5580000,0x00000000d5780000,0x00000000d5780000)
  from space 512K, 81% used [0x00000000d5800000,0x00000000d5868000,0x00000000d5880000)
  to   space 512K, 0% used [0x00000000d5880000,0x00000000d5880000,0x00000000d5900000)
 ParOldGen       total 168448K, used 168016K [0x0000000080000000, 0x000000008a480000, 0x00000000d5580000)
  object space 168448K, 99% used [0x0000000080000000,0x000000008a4142c0,0x000000008a480000)
 Metaspace       used 72182K, committed 73664K, reserved 1179648K
  class space    used 7245K, committed 7872K, reserved 1048576K
}
Event: 2812.581 GC heap after
{Heap after GC invocations=361 (full 3):
 PSYoungGen      total 2560K, used 160K [0x00000000d5580000, 0x00000000d5900000, 0x0000000100000000)
  eden space 2048K, 0% used [0x00000000d5580000,0x00000000d5580000,0x00000000d5780000)
  from space 512K, 31% used [0x00000000d5880000,0x00000000d58a8000,0x00000000d5900000)
  to   space 512K, 0% used [0x00000000d5800000,0x00000000d5800000,0x00000000d5880000)
 ParOldGen       total 168448K, used 168392K [0x0000000080000000, 0x000000008a480000, 0x00000000d5580000)
  object space 168448K, 99% used [0x0000000080000000,0x000000008a4722e0,0x000000008a480000)
 Metaspace       used 72182K, committed 73664K, reserved 1179648K
  class space    used 7245K, committed 7872K, reserved 1048576K
}
Event: 2812.587 GC heap before
{Heap before GC invocations=362 (full 3):
 PSYoungGen      total 2560K, used 2206K [0x00000000d5580000, 0x00000000d5900000, 0x0000000100000000)
  eden space 2048K, 99% used [0x00000000d5580000,0x00000000d577faf0,0x00000000d5780000)
  from space 512K, 31% used [0x00000000d5880000,0x00000000d58a8000,0x00000000d5900000)
  to   space 512K, 0% used [0x00000000d5800000,0x00000000d5800000,0x00000000d5880000)
 ParOldGen       total 168448K, used 168392K [0x0000000080000000, 0x000000008a480000, 0x00000000d5580000)
  object space 168448K, 99% used [0x0000000080000000,0x000000008a4722e0,0x000000008a480000)
 Metaspace       used 72193K, committed 73664K, reserved 1179648K
  class space    used 7247K, committed 7872K, reserved 1048576K
}
Event: 2812.588 GC heap after
{Heap after GC invocations=362 (full 3):
 PSYoungGen      total 2560K, used 320K [0x00000000d5580000, 0x00000000d5900000, 0x0000000100000000)
  eden space 2048K, 0% used [0x00000000d5580000,0x00000000d5580000,0x00000000d5780000)
  from space 512K, 62% used [0x00000000d5800000,0x00000000d5850000,0x00000000d5880000)
  to   space 512K, 0% used [0x00000000d5880000,0x00000000d5880000,0x00000000d5900000)
 ParOldGen       total 168960K, used 168480K [0x0000000080000000, 0x000000008a500000, 0x00000000d5580000)
  object space 168960K, 99% used [0x0000000080000000,0x000000008a4882e0,0x000000008a500000)
 Metaspace       used 72193K, committed 73664K, reserved 1179648K
  class space    used 7247K, committed 7872K, reserved 1048576K
}
Event: 2812.599 GC heap before
{Heap before GC invocations=363 (full 3):
 PSYoungGen      total 2560K, used 2367K [0x00000000d5580000, 0x00000000d5900000, 0x0000000100000000)
  eden space 2048K, 99% used [0x00000000d5580000,0x00000000d577ffc0,0x00000000d5780000)
  from space 512K, 62% used [0x00000000d5800000,0x00000000d5850000,0x00000000d5880000)
  to   space 512K, 0% used [0x00000000d5880000,0x00000000d5880000,0x00000000d5900000)
 ParOldGen       total 168960K, used 168480K [0x0000000080000000, 0x000000008a500000, 0x00000000d5580000)
  object space 168960K, 99% used [0x0000000080000000,0x000000008a4882e0,0x000000008a500000)
 Metaspace       used 72237K, committed 73728K, reserved 1179648K
  class space    used 7252K, committed 7872K, reserved 1048576K
}
Event: 2812.601 GC heap after
{Heap after GC invocations=363 (full 3):
 PSYoungGen      total 2560K, used 288K [0x00000000d5580000, 0x00000000d5900000, 0x0000000100000000)
  eden space 2048K, 0% used [0x00000000d5580000,0x00000000d5580000,0x00000000d5780000)
  from space 512K, 56% used [0x00000000d5880000,0x00000000d58c8000,0x00000000d5900000)
  to   space 512K, 0% used [0x00000000d5800000,0x00000000d5800000,0x00000000d5880000)
 ParOldGen       total 168960K, used 168712K [0x0000000080000000, 0x000000008a500000, 0x00000000d5580000)
  object space 168960K, 99% used [0x0000000080000000,0x000000008a4c22e0,0x000000008a500000)
 Metaspace       used 72237K, committed 73728K, reserved 1179648K
  class space    used 7252K, committed 7872K, reserved 1048576K
}
Event: 2812.613 GC heap before
{Heap before GC invocations=364 (full 3):
 PSYoungGen      total 2560K, used 2336K [0x00000000d5580000, 0x00000000d5900000, 0x0000000100000000)
  eden space 2048K, 100% used [0x00000000d5580000,0x00000000d5780000,0x00000000d5780000)
  from space 512K, 56% used [0x00000000d5880000,0x00000000d58c8000,0x00000000d5900000)
  to   space 512K, 0% used [0x00000000d5800000,0x00000000d5800000,0x00000000d5880000)
 ParOldGen       total 168960K, used 168712K [0x0000000080000000, 0x000000008a500000, 0x00000000d5580000)
  object space 168960K, 99% used [0x0000000080000000,0x000000008a4c22e0,0x000000008a500000)
 Metaspace       used 72267K, committed 73792K, reserved 1179648K
  class space    used 7255K, committed 7872K, reserved 1048576K
}
Event: 2812.614 GC heap after
{Heap after GC invocations=364 (full 3):
 PSYoungGen      total 2560K, used 340K [0x00000000d5580000, 0x00000000d5900000, 0x0000000100000000)
  eden space 2048K, 0% used [0x00000000d5580000,0x00000000d5580000,0x00000000d5780000)
  from space 512K, 66% used [0x00000000d5800000,0x00000000d5855200,0x00000000d5880000)
  to   space 512K, 0% used [0x00000000d5880000,0x00000000d5880000,0x00000000d5900000)
 ParOldGen       total 168960K, used 168928K [0x0000000080000000, 0x000000008a500000, 0x00000000d5580000)
  object space 168960K, 99% used [0x0000000080000000,0x000000008a4f8300,0x000000008a500000)
 Metaspace       used 72267K, committed 73792K, reserved 1179648K
  class space    used 7255K, committed 7872K, reserved 1048576K
}
Event: 2812.618 GC heap before
{Heap before GC invocations=365 (full 3):
 PSYoungGen      total 2560K, used 2388K [0x00000000d5580000, 0x00000000d5900000, 0x0000000100000000)
  eden space 2048K, 100% used [0x00000000d5580000,0x00000000d5780000,0x00000000d5780000)
  from space 512K, 66% used [0x00000000d5800000,0x00000000d5855200,0x00000000d5880000)
  to   space 512K, 0% used [0x00000000d5880000,0x00000000d5880000,0x00000000d5900000)
 ParOldGen       total 168960K, used 168928K [0x0000000080000000, 0x000000008a500000, 0x00000000d5580000)
  object space 168960K, 99% used [0x0000000080000000,0x000000008a4f8300,0x000000008a500000)
 Metaspace       used 72267K, committed 73792K, reserved 1179648K
  class space    used 7255K, committed 7872K, reserved 1048576K
}
Event: 2812.620 GC heap after
{Heap after GC invocations=365 (full 3):
 PSYoungGen      total 2560K, used 160K [0x00000000d5580000, 0x00000000d5900000, 0x0000000100000000)
  eden space 2048K, 0% used [0x00000000d5580000,0x00000000d5580000,0x00000000d5780000)
  from space 512K, 31% used [0x00000000d5880000,0x00000000d58a8000,0x00000000d5900000)
  to   space 512K, 0% used [0x00000000d5800000,0x00000000d5800000,0x00000000d5880000)
 ParOldGen       total 169472K, used 169251K [0x0000000080000000, 0x000000008a580000, 0x00000000d5580000)
  object space 169472K, 99% used [0x0000000080000000,0x000000008a548db0,0x000000008a580000)
 Metaspace       used 72267K, committed 73792K, reserved 1179648K
  class space    used 7255K, committed 7872K, reserved 1048576K
}
Event: 2812.624 GC heap before
{Heap before GC invocations=366 (full 3):
 PSYoungGen      total 2560K, used 2208K [0x00000000d5580000, 0x00000000d5900000, 0x0000000100000000)
  eden space 2048K, 100% used [0x00000000d5580000,0x00000000d5780000,0x00000000d5780000)
  from space 512K, 31% used [0x00000000d5880000,0x00000000d58a8000,0x00000000d5900000)
  to   space 512K, 0% used [0x00000000d5800000,0x00000000d5800000,0x00000000d5880000)
 ParOldGen       total 169472K, used 169251K [0x0000000080000000, 0x000000008a580000, 0x00000000d5580000)
  object space 169472K, 99% used [0x0000000080000000,0x000000008a548db0,0x000000008a580000)
 Metaspace       used 72267K, committed 73792K, reserved 1179648K
  class space    used 7255K, committed 7872K, reserved 1048576K
}
Event: 2812.626 GC heap after
{Heap after GC invocations=366 (full 3):
 PSYoungGen      total 3072K, used 400K [0x00000000d5580000, 0x00000000d5900000, 0x0000000100000000)
  eden space 2560K, 0% used [0x00000000d5580000,0x00000000d5580000,0x00000000d5800000)
  from space 512K, 78% used [0x00000000d5800000,0x00000000d5864010,0x00000000d5880000)
  to   space 512K, 0% used [0x00000000d5880000,0x00000000d5880000,0x00000000d5900000)
 ParOldGen       total 169472K, used 169363K [0x0000000080000000, 0x000000008a580000, 0x00000000d5580000)
  object space 169472K, 99% used [0x0000000080000000,0x000000008a564db0,0x000000008a580000)
 Metaspace       used 72267K, committed 73792K, reserved 1179648K
  class space    used 7255K, committed 7872K, reserved 1048576K
}
Event: 2812.635 GC heap before
{Heap before GC invocations=367 (full 3):
 PSYoungGen      total 3072K, used 2960K [0x00000000d5580000, 0x00000000d5900000, 0x0000000100000000)
  eden space 2560K, 100% used [0x00000000d5580000,0x00000000d5800000,0x00000000d5800000)
  from space 512K, 78% used [0x00000000d5800000,0x00000000d5864010,0x00000000d5880000)
  to   space 512K, 0% used [0x00000000d5880000,0x00000000d5880000,0x00000000d5900000)
 ParOldGen       total 169472K, used 169363K [0x0000000080000000, 0x000000008a580000, 0x00000000d5580000)
  object space 169472K, 99% used [0x0000000080000000,0x000000008a564db0,0x000000008a580000)
 Metaspace       used 72267K, committed 73792K, reserved 1179648K
  class space    used 7255K, committed 7872K, reserved 1048576K
}
Event: 2812.637 GC heap after
{Heap after GC invocations=367 (full 3):
 PSYoungGen      total 3072K, used 288K [0x00000000d5580000, 0x00000000d5900000, 0x0000000100000000)
  eden space 2560K, 0% used [0x00000000d5580000,0x00000000d5580000,0x00000000d5800000)
  from space 512K, 56% used [0x00000000d5880000,0x00000000d58c8000,0x00000000d5900000)
  to   space 512K, 0% used [0x00000000d5800000,0x00000000d5800000,0x00000000d5880000)
 ParOldGen       total 169984K, used 169683K [0x0000000080000000, 0x000000008a600000, 0x00000000d5580000)
  object space 169984K, 99% used [0x0000000080000000,0x000000008a5b4dd0,0x000000008a600000)
 Metaspace       used 72267K, committed 73792K, reserved 1179648K
  class space    used 7255K, committed 7872K, reserved 1048576K
}
Event: 2812.651 GC heap before
{Heap before GC invocations=368 (full 3):
 PSYoungGen      total 3072K, used 2848K [0x00000000d5580000, 0x00000000d5900000, 0x0000000100000000)
  eden space 2560K, 100% used [0x00000000d5580000,0x00000000d5800000,0x00000000d5800000)
  from space 512K, 56% used [0x00000000d5880000,0x00000000d58c8000,0x00000000d5900000)
  to   space 512K, 0% used [0x00000000d5800000,0x00000000d5800000,0x00000000d5880000)
 ParOldGen       total 169984K, used 169683K [0x0000000080000000, 0x000000008a600000, 0x00000000d5580000)
  object space 169984K, 99% used [0x0000000080000000,0x000000008a5b4dd0,0x000000008a600000)
 Metaspace       used 72285K, committed 73792K, reserved 1179648K
  class space    used 7255K, committed 7872K, reserved 1048576K
}
Event: 2812.653 GC heap after
{Heap after GC invocations=368 (full 3):
 PSYoungGen      total 3072K, used 384K [0x00000000d5580000, 0x00000000d5900000, 0x0000000100000000)
  eden space 2560K, 0% used [0x00000000d5580000,0x00000000d5580000,0x00000000d5800000)
  from space 512K, 75% used [0x00000000d5800000,0x00000000d5860000,0x00000000d5880000)
  to   space 512K, 0% used [0x00000000d5880000,0x00000000d5880000,0x00000000d5900000)
 ParOldGen       total 169984K, used 169931K [0x0000000080000000, 0x000000008a600000, 0x00000000d5580000)
  object space 169984K, 99% used [0x0000000080000000,0x000000008a5f2dd0,0x000000008a600000)
 Metaspace       used 72285K, committed 73792K, reserved 1179648K
  class space    used 7255K, committed 7872K, reserved 1048576K
}

